[debug] [2024-01-10T07:10:22.333Z] ----------------------------------------------------------------------
[debug] [2024-01-10T07:10:22.336Z] Command:       C:\Users\ASUS\DOWNLO~1\firebase-tools-instant-win.exe C:\Users\ASUS\.cache\firebase\tools\lib\node_modules\firebase-tools\lib\bin\firebase init
[debug] [2024-01-10T07:10:22.337Z] CLI Version:   13.0.3
[debug] [2024-01-10T07:10:22.337Z] Platform:      win32
[debug] [2024-01-10T07:10:22.337Z] Node Version:  v18.5.0
[debug] [2024-01-10T07:10:22.338Z] Time:          Wed Jan 10 2024 12:40:22 GMT+0530 (India Standard Time)
[debug] [2024-01-10T07:10:22.338Z] ----------------------------------------------------------------------
[debug] 
[debug] [2024-01-10T07:10:22.347Z] > command requires scopes: ["email","openid","https://www.googleapis.com/auth/cloudplatformprojects.readonly","https://www.googleapis.com/auth/firebase","https://www.googleapis.com/auth/cloud-platform"]
[debug] [2024-01-10T07:10:22.348Z] > authorizing via signed-in user (likhithnvmzh@gmail.com)
[info] 
     ######## #### ########  ######## ########     ###     ######  ########
     ##        ##  ##     ## ##       ##     ##  ##   ##  ##       ##
     ######    ##  ########  ######   ########  #########  ######  ######
     ##        ##  ##    ##  ##       ##     ## ##     ##       ## ##
     ##       #### ##     ## ######## ########  ##     ##  ######  ########

You're about to initialize a Firebase project in this directory:

  C:\Users\ASUS\twitterclient\frontend

[info] 
=== Project Setup
[info] 
[info] First, let's associate this project directory with a Firebase project.
[info] You can create multiple project aliases by running firebase use --add, 
[info] but for now we'll just set up a default project.
[info] 
[debug] [2024-01-10T07:10:36.920Z] >>> [apiv2][query] GET https://firebase.googleapis.com/v1beta1/projects pageSize=100
[debug] [2024-01-10T07:10:37.605Z] <<< [apiv2][status] GET https://firebase.googleapis.com/v1beta1/projects 200
[debug] [2024-01-10T07:10:37.605Z] <<< [apiv2][body] GET https://firebase.googleapis.com/v1beta1/projects [omitted]
[info] i  Using project create-a-twitter-website-b5571 (create a twitter website) 
[info] 
=== Hosting Setup
[debug] [2024-01-10T07:10:51.134Z] >>> [apiv2][query] GET https://firebase.googleapis.com/v1beta1/projects/create-a-twitter-website-b5571 [none]
[debug] [2024-01-10T07:10:51.527Z] <<< [apiv2][status] GET https://firebase.googleapis.com/v1beta1/projects/create-a-twitter-website-b5571 200
[debug] [2024-01-10T07:10:51.527Z] <<< [apiv2][body] GET https://firebase.googleapis.com/v1beta1/projects/create-a-twitter-website-b5571 {"projectId":"create-a-twitter-website-b5571","projectNumber":"633182947559","displayName":"create a twitter website","name":"projects/create-a-twitter-website-b5571","resources":{"hostingSite":"create-a-twitter-website-b5571"},"state":"ACTIVE","etag":"1_57cf5e05-d4d2-4cc6-a13c-df87124e119a"}
[info] 
[info] Your public directory is the folder (relative to your project directory) that
[info] will contain Hosting assets to be uploaded with firebase deploy. If you
[info] have a build process for your assets, use your build's output directory.
[info] 
[debug] [2024-01-10T07:11:01.301Z] >>> [apiv2][query] GET https://www.gstatic.com/firebasejs/releases.json [none]
[debug] [2024-01-10T07:11:01.495Z] <<< [apiv2][status] GET https://www.gstatic.com/firebasejs/releases.json 200
[debug] [2024-01-10T07:11:01.496Z] <<< [apiv2][body] GET https://www.gstatic.com/firebasejs/releases.json {"current":{"version":"10.7.1","browserURL":"https://www.gstatic.com/firebasejs/10.7.1/firebase.js","packageURL":"https://www.gstatic.com/firebasejs/10.7.1/firebase.tgz"},"live":{"version":"10.7","browserURL":"https://www.gstatic.com/firebasejs/live/10.7/firebase.js","packageURL":"https://www.gstatic.com/firebasejs/live/10.7/firebase.tgz"},"components":{"analytics":"https://www.gstatic.com/firebasejs/10.7.1/firebase-analytics.js","app":"https://www.gstatic.com/firebasejs/10.7.1/firebase-app.js","app-check":"https://www.gstatic.com/firebasejs/10.7.1/firebase-app-check.js","auth":"https://www.gstatic.com/firebasejs/10.7.1/firebase-auth.js","auth/cordova":"https://www.gstatic.com/firebasejs/10.7.1/firebase-auth/cordova.js","functions":"https://www.gstatic.com/firebasejs/10.7.1/firebase-functions.js","firestore":"https://www.gstatic.com/firebasejs/10.7.1/firebase-firestore.js","firestore/lite":"https://www.gstatic.com/firebasejs/10.7.1/firebase-firestore/lite.js","installations":"https://www.gstatic.com/firebasejs/10.7.1/firebase-installations.js","storage":"https://www.gstatic.com/firebasejs/10.7.1/firebase-storage.js","performance":"https://www.gstatic.com/firebasejs/10.7.1/firebase-performance.js","remote-config":"https://www.gstatic.com/firebasejs/10.7.1/firebase-remote-config.js","messaging":"https://www.gstatic.com/firebasejs/10.7.1/firebase-messaging.js","messaging/sw":"https://www.gstatic.com/firebasejs/10.7.1/firebase-messaging/sw.js","database":"https://www.gstatic.com/firebasejs/10.7.1/firebase-database.js","firestore.memory":"https://www.gstatic.com/firebasejs/10.7.1/firebase-firestore.memory.js"}}
[info] +  Wrote build/index.html 
[info] 
[info] i  Detected a .git folder at C:\Users\ASUS\twitterclient\frontend 
[info] i  Authorizing with GitHub to upload your service account to a GitHub repository's secrets store. 
[info] 
[info] Visit this URL on this device to log in:
[info] https://github.com/login/oauth/authorize?client_id=89cf50f02ac6aaed3484&state=997837875&redirect_uri=http%3A%2F%2Flocalhost%3A9005&scope=read%3Auser%20repo%20public_repo
[info] 
[info] Waiting for authentication...
[debug] [2024-01-10T07:11:12.922Z] >>> [apiv2][query] POST https://github.com/login/oauth/access_token [none]
[debug] [2024-01-10T07:11:12.922Z] >>> [apiv2][body] POST https://github.com/login/oauth/access_token [stream]
[debug] [2024-01-10T07:11:13.410Z] <<< [apiv2][status] POST https://github.com/login/oauth/access_token 200
[debug] [2024-01-10T07:11:13.410Z] <<< [apiv2][body] POST https://github.com/login/oauth/access_token {"access_token":"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","token_type":"bearer","scope":"read:user,repo"}
[debug] [2024-01-10T07:11:13.427Z] >>> [apiv2][query] GET https://api.github.com/user [none]
[debug] [2024-01-10T07:11:13.994Z] <<< [apiv2][status] GET https://api.github.com/user 200
[debug] [2024-01-10T07:11:13.995Z] <<< [apiv2][body] GET https://api.github.com/user {"login":"myowncodeofficial","id":146056999,"node_id":"U_kgDOCLSnJw","avatar_url":"https://avatars.githubusercontent.com/u/146056999?v=4","gravatar_id":"","url":"https://api.github.com/users/myowncodeofficial","html_url":"https://github.com/myowncodeofficial","followers_url":"https://api.github.com/users/myowncodeofficial/followers","following_url":"https://api.github.com/users/myowncodeofficial/following{/other_user}","gists_url":"https://api.github.com/users/myowncodeofficial/gists{/gist_id}","starred_url":"https://api.github.com/users/myowncodeofficial/starred{/owner}{/repo}","subscriptions_url":"https://api.github.com/users/myowncodeofficial/subscriptions","organizations_url":"https://api.github.com/users/myowncodeofficial/orgs","repos_url":"https://api.github.com/users/myowncodeofficial/repos","events_url":"https://api.github.com/users/myowncodeofficial/events{/privacy}","received_events_url":"https://api.github.com/users/myowncodeofficial/received_events","type":"User","site_admin":false,"name":null,"company":null,"blog":"","location":null,"email":null,"hireable":null,"bio":null,"twitter_username":null,"public_repos":20,"public_gists":0,"followers":0,"following":0,"created_at":"2023-09-26T05:11:07Z","updated_at":"2024-01-05T07:28:50Z","private_gists":0,"total_private_repos":2,"owned_private_repos":2,"disk_usage":142018,"collaborators":0,"two_factor_authentication":false,"plan":{"name":"free","space":976562499,"collaborators":0,"private_repos":10000}}
[info] 
[info] +  Success! Logged into GitHub as myowncodeofficial 
[info] 
[debug] [2024-01-10T07:11:39.267Z] >>> [apiv2][query] GET https://api.github.com/repos/za/actions/secrets/public-key type=owner
[debug] [2024-01-10T07:11:39.671Z] <<< [apiv2][status] GET https://api.github.com/repos/za/actions/secrets/public-key 404
[debug] [2024-01-10T07:11:39.671Z] <<< [apiv2][body] GET https://api.github.com/repos/za/actions/secrets/public-key {"message":"Not Found","documentation_url":"https://docs.github.com/rest"}
[info] 
[info] 
[error] !  The provided authorization cannot be used with this repository. If this repository is in an organization, did you remember to grant access? 
[info] 
[info] i  Action required: Visit this URL to ensure access has been granted to the appropriate organization(s) for the Firebase CLI GitHub OAuth App: 
[info] https://github.com/settings/connections/applications/89cf50f02ac6aaed3484
[info] 
[debug] [2024-01-10T07:11:43.320Z] >>> [apiv2][query] GET https://api.github.com/repos/za/actions/secrets/public-key type=owner
[debug] [2024-01-10T07:11:43.733Z] <<< [apiv2][status] GET https://api.github.com/repos/za/actions/secrets/public-key 404
[debug] [2024-01-10T07:11:43.733Z] <<< [apiv2][body] GET https://api.github.com/repos/za/actions/secrets/public-key {"message":"Not Found","documentation_url":"https://docs.github.com/rest"}
[info] 
[info] 
[error] !  The provided authorization cannot be used with this repository. If this repository is in an organization, did you remember to grant access? 
[info] 
[info] i  Action required: Visit this URL to ensure access has been granted to the appropriate organization(s) for the Firebase CLI GitHub OAuth App: 
[info] https://github.com/settings/connections/applications/89cf50f02ac6aaed3484
[info] 
